12:14:46.211 [main] INFO  testCases.TC001_AccountRegistrationTest - Validation expected message...
12:14:46.247 [main] INFO  testCases.TC001_AccountRegistrationTest - ****Finished TC001_AccountRegistrationTest****
12:14:48.238 [main] INFO  testCases.TC002_LoginTest - ****TC002_LoginTest started....*****
12:14:49.269 [main] INFO  testCases.TC002_LoginTest - ****TC002_LoginTest Ended....*****
12:16:25.264 [main] INFO  org.testng.internal.Utils - [TestNG] Running:
  D:\Learn Software Testing\LearnSelenium\OpenCartV121\grouping.xml

12:16:27.863 [main] INFO  testCases.TC001_AccountRegistrationTest - ****Starting TC001_AccountRegistrationTest****
12:16:28.057 [main] INFO  testCases.TC001_AccountRegistrationTest - Clicked on MyAccount Link
12:16:28.366 [main] INFO  testCases.TC001_AccountRegistrationTest - Clicked on Register Link
12:16:28.368 [main] INFO  testCases.TC001_AccountRegistrationTest - Providing customer details....
12:16:29.570 [main] INFO  testCases.TC001_AccountRegistrationTest - Validation expected message...
12:16:29.610 [main] INFO  testCases.TC001_AccountRegistrationTest - ****Finished TC001_AccountRegistrationTest****
12:16:31.788 [main] INFO  testCases.TC002_LoginTest - ****TC002_LoginTest started....*****
12:17:29.812 [main] INFO  org.testng.internal.Utils - [TestNG] Running:
  D:\Learn Software Testing\LearnSelenium\OpenCartV121\grouping.xml

12:17:32.106 [main] INFO  testCases.TC001_AccountRegistrationTest - ****Starting TC001_AccountRegistrationTest****
12:17:32.236 [main] INFO  testCases.TC001_AccountRegistrationTest - Clicked on MyAccount Link
12:17:32.553 [main] INFO  testCases.TC001_AccountRegistrationTest - Clicked on Register Link
12:17:32.554 [main] INFO  testCases.TC001_AccountRegistrationTest - Providing customer details....
12:17:33.696 [main] INFO  testCases.TC001_AccountRegistrationTest - Validation expected message...
12:17:33.737 [main] INFO  testCases.TC001_AccountRegistrationTest - ****Finished TC001_AccountRegistrationTest****
12:17:35.572 [main] INFO  testCases.TC002_LoginTest - ****TC002_LoginTest started....*****
12:21:22.530 [main] INFO  org.testng.internal.Utils - [TestNG] Running:
  D:\Learn Software Testing\LearnSelenium\OpenCartV121\grouping.xml

12:21:24.943 [main] INFO  testCases.TC001_AccountRegistrationTest - ****Starting TC001_AccountRegistrationTest****
12:21:25.043 [main] INFO  testCases.TC001_AccountRegistrationTest - Clicked on MyAccount Link
12:21:25.354 [main] INFO  testCases.TC001_AccountRegistrationTest - Clicked on Register Link
12:21:25.356 [main] INFO  testCases.TC001_AccountRegistrationTest - Providing customer details....
12:21:26.529 [main] INFO  testCases.TC001_AccountRegistrationTest - Validation expected message...
12:21:26.573 [main] INFO  testCases.TC001_AccountRegistrationTest - ****Finished TC001_AccountRegistrationTest****
12:21:28.541 [main] INFO  testCases.TC002_LoginTest - ****TC002_LoginTest started....*****
12:21:29.739 [main] INFO  testCases.TC002_LoginTest - ****TC002_LoginTest Ended....*****
12:21:45.453 [main] INFO  org.testng.internal.Utils - [TestNG] Running:
  D:\Learn Software Testing\LearnSelenium\OpenCartV121\grouping.xml

12:21:47.941 [main] INFO  testCases.TC001_AccountRegistrationTest - ****Starting TC001_AccountRegistrationTest****
12:21:48.079 [main] INFO  testCases.TC001_AccountRegistrationTest - Clicked on MyAccount Link
12:21:48.458 [main] INFO  testCases.TC001_AccountRegistrationTest - Clicked on Register Link
12:21:48.459 [main] INFO  testCases.TC001_AccountRegistrationTest - Providing customer details....
12:21:49.621 [main] INFO  testCases.TC001_AccountRegistrationTest - Validation expected message...
12:21:49.657 [main] INFO  testCases.TC001_AccountRegistrationTest - ****Finished TC001_AccountRegistrationTest****
12:21:51.766 [main] INFO  testCases.TC002_LoginTest - ****TC002_LoginTest started....*****
12:23:16.435 [main] INFO  org.testng.internal.Utils - [TestNG] Running:
  D:\Learn Software Testing\LearnSelenium\OpenCartV121\grouping.xml

12:23:18.766 [main] INFO  testCases.TC001_AccountRegistrationTest - ****Starting TC001_AccountRegistrationTest****
12:23:18.895 [main] INFO  testCases.TC001_AccountRegistrationTest - Clicked on MyAccount Link
12:23:19.215 [main] INFO  testCases.TC001_AccountRegistrationTest - Clicked on Register Link
12:23:19.217 [main] INFO  testCases.TC001_AccountRegistrationTest - Providing customer details....
12:23:20.487 [main] INFO  testCases.TC001_AccountRegistrationTest - Validation expected message...
12:23:20.533 [main] INFO  testCases.TC001_AccountRegistrationTest - ****Finished TC001_AccountRegistrationTest****
12:23:22.474 [main] INFO  testCases.TC002_LoginTest - ****TC002_LoginTest started....*****
12:28:10.366 [main] INFO  org.testng.internal.Utils - [TestNG] Running:
  D:\Learn Software Testing\LearnSelenium\OpenCartV121\test-output\testng-failed.xml

12:28:12.850 [main] INFO  testCases.TC002_LoginTest - ****TC002_LoginTest started....*****
